{"/home/hmthait/react-projects/react-vite-jest/src/App.jsx": {"path":"/home/hmthait/react-projects/react-vite-jest/src/App.jsx","statementMap":{"0":{"start":{"line":7,"column":4},"end":{"line":32,"column":6}}},"fnMap":{"0":{"name":"App","decl":{"start":{"line":6,"column":9},"end":{"line":6,"column":12}},"loc":{"start":{"line":6,"column":15},"end":{"line":33,"column":1}},"line":6}},"branchMap":{},"s":{"0":0},"f":{"0":0},"b":{}}
,"/home/hmthait/react-projects/react-vite-jest/src/Counter.jsx": {"path":"/home/hmthait/react-projects/react-vite-jest/src/Counter.jsx","statementMap":{"0":{"start":{"line":4,"column":16},"end":{"line":45,"column":1}},"1":{"start":{"line":5,"column":30},"end":{"line":5,"column":52}},"2":{"start":{"line":7,"column":27},"end":{"line":9,"column":5}},"3":{"start":{"line":8,"column":8},"end":{"line":8,"column":39}},"4":{"start":{"line":8,"column":28},"end":{"line":8,"column":37}},"5":{"start":{"line":11,"column":27},"end":{"line":13,"column":5}},"6":{"start":{"line":12,"column":8},"end":{"line":12,"column":39}},"7":{"start":{"line":12,"column":28},"end":{"line":12,"column":37}},"8":{"start":{"line":15,"column":24},"end":{"line":17,"column":5}},"9":{"start":{"line":16,"column":8},"end":{"line":16,"column":20}},"10":{"start":{"line":19,"column":29},"end":{"line":21,"column":5}},"11":{"start":{"line":20,"column":8},"end":{"line":20,"column":40}},"12":{"start":{"line":20,"column":28},"end":{"line":20,"column":38}},"13":{"start":{"line":22,"column":4},"end":{"line":44,"column":6}},"14":{"start":{"line":47,"column":0},"end":{"line":49,"column":2}}},"fnMap":{"0":{"name":"(anonymous_0)","decl":{"start":{"line":4,"column":16},"end":{"line":4,"column":17}},"loc":{"start":{"line":4,"column":38},"end":{"line":45,"column":1}},"line":4},"1":{"name":"(anonymous_1)","decl":{"start":{"line":7,"column":27},"end":{"line":7,"column":28}},"loc":{"start":{"line":7,"column":33},"end":{"line":9,"column":5}},"line":7},"2":{"name":"(anonymous_2)","decl":{"start":{"line":8,"column":17},"end":{"line":8,"column":18}},"loc":{"start":{"line":8,"column":28},"end":{"line":8,"column":37}},"line":8},"3":{"name":"(anonymous_3)","decl":{"start":{"line":11,"column":27},"end":{"line":11,"column":28}},"loc":{"start":{"line":11,"column":33},"end":{"line":13,"column":5}},"line":11},"4":{"name":"(anonymous_4)","decl":{"start":{"line":12,"column":17},"end":{"line":12,"column":18}},"loc":{"start":{"line":12,"column":28},"end":{"line":12,"column":37}},"line":12},"5":{"name":"(anonymous_5)","decl":{"start":{"line":15,"column":24},"end":{"line":15,"column":25}},"loc":{"start":{"line":15,"column":30},"end":{"line":17,"column":5}},"line":15},"6":{"name":"(anonymous_6)","decl":{"start":{"line":19,"column":29},"end":{"line":19,"column":30}},"loc":{"start":{"line":19,"column":35},"end":{"line":21,"column":5}},"line":19},"7":{"name":"(anonymous_7)","decl":{"start":{"line":20,"column":17},"end":{"line":20,"column":18}},"loc":{"start":{"line":20,"column":28},"end":{"line":20,"column":38}},"line":20}},"branchMap":{},"s":{"0":1,"1":12,"2":12,"3":2,"4":2,"5":12,"6":2,"7":2,"8":12,"9":1,"10":12,"11":2,"12":2,"13":12,"14":1},"f":{"0":12,"1":2,"2":2,"3":2,"4":2,"5":1,"6":2,"7":2},"b":{},"_coverageSchema":"1a1c01bbd47fc00a2c39e90264f33305004495a9","hash":"f6c4600b3ffb810f2f4f998f4b0daa4d3cb579d3"}
,"/home/hmthait/react-projects/react-vite-jest/src/main.jsx": {"path":"/home/hmthait/react-projects/react-vite-jest/src/main.jsx","statementMap":{"0":{"start":{"line":6,"column":0},"end":{"line":10,"column":1}}},"fnMap":{},"branchMap":{},"s":{"0":0},"f":{},"b":{}}
}
