TN:
SF:src/App.jsx
FN:6,App
FNF:1
FNH:0
FNDA:0,App
DA:7,0
LF:1
LH:0
BRF:0
BRH:0
end_of_record
TN:
SF:src/Counter.jsx
FN:4,(anonymous_0)
FN:7,(anonymous_1)
FN:8,(anonymous_2)
FN:11,(anonymous_3)
FN:12,(anonymous_4)
FN:15,(anonymous_5)
FN:19,(anonymous_6)
FN:20,(anonymous_7)
FNF:8
FNH:8
FNDA:12,(anonymous_0)
FNDA:2,(anonymous_1)
FNDA:2,(anonymous_2)
FNDA:2,(anonymous_3)
FNDA:2,(anonymous_4)
FNDA:1,(anonymous_5)
FNDA:2,(anonymous_6)
FNDA:2,(anonymous_7)
DA:4,1
DA:5,12
DA:7,12
DA:8,2
DA:11,12
DA:12,2
DA:15,12
DA:16,1
DA:19,12
DA:20,2
DA:22,12
DA:47,1
LF:12
LH:12
BRF:0
BRH:0
end_of_record
TN:
SF:src/main.jsx
FNF:0
FNH:0
DA:6,0
LF:1
LH:0
BRF:0
BRH:0
end_of_record
